<?xml version="1.0" encoding="UTF-8"?>
<testng-results ignored="0" total="2" passed="2" failed="0" skipped="0">
  <reporter-output>
  </reporter-output>
  <suite started-at="2023-01-28T06:25:28Z" name="Suite" finished-at="2023-01-28T06:27:16Z" duration-ms="108088">
    <groups>
      <group name="cucumber">
        <method signature="AbstractTestNGCucumberTests.runScenario(io.cucumber.testng.PickleEventWrapper, io.cucumber.testng.CucumberFeatureWrapper)[pri:0, instance:org.runner.Runner@1bae316d]" name="runScenario" class="io.cucumber.testng.AbstractTestNGCucumberTests"/>
      </group> <!-- cucumber -->
    </groups>
    <test started-at="2023-01-28T06:25:28Z" name="Test" finished-at="2023-01-28T06:27:16Z" duration-ms="108088">
      <class name="org.runner.Runner">
        <test-method is-config="true" signature="allureReportCleanup()[pri:0, instance:org.runner.Runner@1bae316d]" started-at="2023-01-28T06:25:26Z" name="allureReportCleanup" finished-at="2023-01-28T06:25:28Z" duration-ms="2035" status="PASS">
          <reporter-output>
          </reporter-output>
        </test-method> <!-- allureReportCleanup -->
        <test-method is-config="true" signature="setUpClass()[pri:0, instance:org.runner.Runner@1bae316d]" started-at="2023-01-28T06:25:28Z" name="setUpClass" finished-at="2023-01-28T06:25:30Z" duration-ms="1393" status="PASS">
          <reporter-output>
          </reporter-output>
        </test-method> <!-- setUpClass -->
        <test-method signature="runScenario(io.cucumber.testng.PickleEventWrapper, io.cucumber.testng.CucumberFeatureWrapper)[pri:0, instance:org.runner.Runner@1bae316d]" started-at="2023-01-28T06:25:30Z" name="runScenario" description="Runs Cucumber Scenarios" data-provider="scenarios" finished-at="2023-01-28T06:26:22Z" duration-ms="52632" status="PASS">
          <params>
            <param index="0">
              <value>
                <![CDATA["To validate application login page with Indian Region"]]>
              </value>
            </param>
            <param index="1">
              <value>
                <![CDATA["Validate application login Page with India Region functionality"]]>
              </value>
            </param>
          </params>
          <reporter-output>
          </reporter-output>
        </test-method> <!-- runScenario -->
        <test-method signature="runScenario(io.cucumber.testng.PickleEventWrapper, io.cucumber.testng.CucumberFeatureWrapper)[pri:0, instance:org.runner.Runner@1bae316d]" started-at="2023-01-28T06:26:22Z" name="runScenario" description="Runs Cucumber Scenarios" data-provider="scenarios" finished-at="2023-01-28T06:27:16Z" duration-ms="53125" status="PASS">
          <params>
            <param index="0">
              <value>
                <![CDATA["To validate application login page with US Region"]]>
              </value>
            </param>
            <param index="1">
              <value>
                <![CDATA["Validate application login Page with US Region functionality"]]>
              </value>
            </param>
          </params>
          <reporter-output>
          </reporter-output>
        </test-method> <!-- runScenario -->
        <test-method is-config="true" signature="tearDownClass()[pri:0, instance:org.runner.Runner@1bae316d]" started-at="2023-01-28T06:27:16Z" name="tearDownClass" finished-at="2023-01-28T06:27:16Z" duration-ms="797" status="PASS">
          <reporter-output>
          </reporter-output>
        </test-method> <!-- tearDownClass -->
        <test-method is-config="true" signature="cucumberReportGenerate()[pri:0, instance:org.runner.Runner@1bae316d]" started-at="2023-01-28T06:27:16Z" name="cucumberReportGenerate" finished-at="2023-01-28T06:27:18Z" duration-ms="1449" status="PASS">
          <reporter-output>
          </reporter-output>
        </test-method> <!-- cucumberReportGenerate -->
      </class> <!-- org.runner.Runner -->
    </test> <!-- Test -->
  </suite> <!-- Suite -->
</testng-results>
